--- Job ELTRAMOD_stud.gms Start 07/11/24 15:25:47 46.2.0 ac4adda6 WEX-WEI x86 64bit/MS Windows
--- Applying:
    C:\GAMS\46\gmsprmNT.txt
--- GAMS Parameters defined
    Input C:\Users\sebas\Documents\CloudDrive\Uni\SS24\CaseStudies\gamsFiles\ELTRAMOD_stud.gms
    PageSize 0
    ScrDir C:\Users\sebas\Documents\CloudDrive\Uni\SS24\CaseStudies\gamsFiles\225f\
    SysDir C:\GAMS\46\
    LogOption 3
    ErrMsg 1
    ErrorLog 99
    IDE 1
    LstTitleLeftAligned 1
Licensee: Course License                                 S240430|0002AO-GEN
          TU Dresden, Business Management and Economics             DCE3456
          C:\Users\sebas\Documents\GAMS\gamslice.txt
          License Admin: Hannes Hobbie, hannes.hobbie@tu-dresden.de        
          Course license for use within the course and related course work
          The evaluation period of the license will expire on Oct 27, 2024
Processor information: 1 socket(s), 8 core(s), and 16 thread(s) available
GAMS 46.2.0   Copyright (C) 1987-2024 GAMS Development. All rights reserved
--- Starting compilation
--- ELTRAMOD_stud.gms(19) 3 Mb 1 Error
*** Error 170 in C:\Users\sebas\Documents\CloudDrive\Uni\SS24\CaseStudies\gamsFiles\ELTRAMOD_stud.gms
    Domain violation for element
--- ELTRAMOD_stud.gms(20) 3 Mb 3 Errors
*** Error 170 in C:\Users\sebas\Documents\CloudDrive\Uni\SS24\CaseStudies\gamsFiles\ELTRAMOD_stud.gms
    Domain violation for element
*** Error 170 in C:\Users\sebas\Documents\CloudDrive\Uni\SS24\CaseStudies\gamsFiles\ELTRAMOD_stud.gms
    Domain violation for element
--- ELTRAMOD_stud.gms(41) 3 Mb 4 Errors
*** Error 145 in C:\Users\sebas\Documents\CloudDrive\Uni\SS24\CaseStudies\gamsFiles\ELTRAMOD_stud.gms
    Set identifier or quoted element expected
--- ELTRAMOD_stud.gms(42) 3 Mb 5 Errors
*** Error 145 in C:\Users\sebas\Documents\CloudDrive\Uni\SS24\CaseStudies\gamsFiles\ELTRAMOD_stud.gms
    Set identifier or quoted element expected
--- ELTRAMOD_stud.gms(45) 3 Mb 6 Errors
*** Error 145 in C:\Users\sebas\Documents\CloudDrive\Uni\SS24\CaseStudies\gamsFiles\ELTRAMOD_stud.gms
    Set identifier or quoted element expected
--- ELTRAMOD_stud.gms(48) 3 Mb 7 Errors
*** Error 145 in C:\Users\sebas\Documents\CloudDrive\Uni\SS24\CaseStudies\gamsFiles\ELTRAMOD_stud.gms
    Set identifier or quoted element expected
--- ELTRAMOD_stud.gms(49) 3 Mb 8 Errors
*** Error 145 in C:\Users\sebas\Documents\CloudDrive\Uni\SS24\CaseStudies\gamsFiles\ELTRAMOD_stud.gms
    Set identifier or quoted element expected
--- ELTRAMOD_stud.gms(50) 3 Mb 9 Errors
*** Error 145 in C:\Users\sebas\Documents\CloudDrive\Uni\SS24\CaseStudies\gamsFiles\ELTRAMOD_stud.gms
    Set identifier or quoted element expected
--- ELTRAMOD_stud.gms(51) 3 Mb 10 Errors
*** Error 145 in C:\Users\sebas\Documents\CloudDrive\Uni\SS24\CaseStudies\gamsFiles\ELTRAMOD_stud.gms
    Set identifier or quoted element expected
--- ELTRAMOD_stud.gms(97) 3 Mb 11 Errors
*** Error 459 in C:\Users\sebas\Documents\CloudDrive\Uni\SS24\CaseStudies\gamsFiles\ELTRAMOD_stud.gms
    $echo file cannot be opened
--- ELTRAMOD_stud.gms(110) 3 Mb
--- call gdxxrw INPUTDATA\INPUTDATA.xlsx O=INPUTDATA\INPUTDATA.gdx SQ=N SE=10 cmerge=1 @INPUTDATA\temp.tmp
**** could not open file: INPUTDATA\temp.tmp
Version information:
GDXXRW           46.2.0 ac4adda6 Mar 5, 2024           WEI x86 64bit/MS Window

Example call:
   GDXXRW data.xls Par=X Rng=sheet2!b2 Dim=2
Reading or Writing a spreadsheet:
   GAMS type
      Par=<id>                 : parameter
      Set=<id>                 : set
      Set=<id> Values=<VType>  : set with data option
                                 reading from Excel    writing to Excel
                                 <VType> = NoData      = NoData
                                         = YN          = YN
                                         = Sparse      = String
                                         = Dense                                          
      DSet=<id>                : domain-set, dim=1, duplicates allowed
      Var=<id>                 : variable
      Equ=<id>                 : equation
   Dimensions:
      Dim=<integer>            : dimension
      CDim=<integer>           : number of rows for the column
      RDim=<integer>           : number of columns for the row
   Range:
      Rng=<excel-range>        : Sheet is optional
                               : Top left corner or a block
      IgnoreRows=n,m:n         : One or more rows to be ignored when reading the symbol
      IgnoreColumns=A,A:B      : One or more columns to be ignored when reading the symbol
   Implied merged cells:
      ColMerge=<integer>       : Number of columns that propagate cells in a row header
   Directives:
      @<filename>              : read parameters from file
      Index=<excel-range>      : read parameters from spreadsheet
   Empty Rows or Columns:
      SkipEmpty=<integer>      : Also SE=<integer>
                                 0 Empty row/column is end of data
                                 n N empty rows/columns will be ignored
   Use merged cell values:
      CMerge=<integer>         : 0 Do not use merged cell value
                                 1 In row and column headers only
                                 2 All cells
   Process acronyms:
      Acronyms=<integer>       : 0 Do not process acronyms
                                 1 Process acronyms
   Create Excel filter(s):
      Filter=<integer>         : 0 Do not create filter (default)
                                 >0 Create filter for symbols that follow

Immediate Options:
   Files:
      Input=<filename>         : input file
      Output=<filename>        : output file
      Log=<filename>           : log file
      LogAppend=<filename>     : Append to log file
      PassWord=<password>      : Specify password for Excel file
   Debugging:
      Trace=<integer>
   Excel:
      UpdLinks=<integer>       : 0 Do not update any references
                                 1 External references=Y, remote references=N
                                 2 External references=N, remote references=Y
                                 3 Updates both remote and external references
      RunMacros=<integer>      : 0 Do not execute any macros
                                 1 Executes Auto_open macro
                                 2 Executes Auto_close macro
                                 3 Executes Auto_open and Auto_close macro
      RWait=<integer>          : Introduce a delay (in ms) after opening file
      CheckDate                : Write result file only if the input file is
                                 more recent than the output file
      UseRC                    : Use R1C1 notation for cells and ranges
Reading from a spreadsheet:
      Squeeze=flag             : Also SQ; default=Y
                                 N Store default values
                                 Y Default values are not stored
      TrimLeft=flag            : default=Y
                                 N Trailing blanks only are trimmed when reading labels and text from Excel
                                 Y Leading and trailing blanks are trimmed when reading labels and text from Excel
      AllUELs=flag             : default=Y
                                 N UELS not used for data are not stored
                                 Y All UELs of the range are stored
      MaxDupeErrors=<integer>  : Number of allowed duplicate data entries
      NaIn=<string>            : Specify additional string to recognize NA
      DSetText=flag            : default=N
                                 N Do not try to read explanatory text
                                 Y Read explanatory text right next/below to UEL
Writing to a spreadsheet:
   Data merging:
      Merge                    : Write matching rows/labels only
      Clear                    : Like Merge, but clear data before writing
      ReCalc=flag              : 0 No automatic recalculation for every write
                               : 1 Do not change recalculation
   Text=<string>               : Write text string in a cell; specify Rng for location
   HText=<string>              : Write text strings in a row; specify Rng for location
   VText=<string>              : Write text strings in a column; specify Rng for location
   TextId=<string>             : Write identifier and explanatory text;
                                 specify Rng for location
      Link=<string>            : Hyperlink
      LinkId=<id>              : Hyperlink to symbol written
   Output Strings:
      ResetOut
      EpsOut=<string>
      NaOut=<string>
      MInfOut=<string>
      PInfOut=<string>
      UndfOut=<string>
      ZeroOut=<string>
   Default Values:
      Squeeze=flag             : Also SQ; default=Y
                                 N Write all values including defaults
                                 Y Write non-default values only
   IntAsText=flag              : Write UELs as text when an integer; default=Y
--- ELTRAMOD_stud.gms(111) 3 Mb
*** GDXIN failed C:\Users\sebas\Documents\CloudDrive\Uni\SS24\CaseStudies\gamsFiles\INPUTDATA\INPUTDATA.gdx
*** Msg: No such file or directory
--- ELTRAMOD_stud.gms(111) 3 Mb 12 Errors
*** Error 510 in C:\Users\sebas\Documents\CloudDrive\Uni\SS24\CaseStudies\gamsFiles\ELTRAMOD_stud.gms
    Unable to open gdx file for $GDXIN
--- ELTRAMOD_stud.gms(112) 3 Mb 13 Errors
*** Error 502 in C:\Users\sebas\Documents\CloudDrive\Uni\SS24\CaseStudies\gamsFiles\ELTRAMOD_stud.gms
    GDXIN  file not open - ignore rest of line
--- ELTRAMOD_stud.gms(117) 3 Mb 14 Errors
*** Error 170 in C:\Users\sebas\Documents\CloudDrive\Uni\SS24\CaseStudies\gamsFiles\ELTRAMOD_stud.gms
    Domain violation for element
--- ELTRAMOD_stud.gms(119) 3 Mb 15 Errors
*** Error 170 in C:\Users\sebas\Documents\CloudDrive\Uni\SS24\CaseStudies\gamsFiles\ELTRAMOD_stud.gms
    Domain violation for element
--- ELTRAMOD_stud.gms(122) 3 Mb 16 Errors
*** Error 170 in C:\Users\sebas\Documents\CloudDrive\Uni\SS24\CaseStudies\gamsFiles\ELTRAMOD_stud.gms
    Domain violation for element
--- ELTRAMOD_stud.gms(127) 3 Mb 17 Errors
*** Error 116 in C:\Users\sebas\Documents\CloudDrive\Uni\SS24\CaseStudies\gamsFiles\ELTRAMOD_stud.gms
    Label is unknown
--- ELTRAMOD_stud.gms(131) 3 Mb 22 Errors
*** Error 116 in C:\Users\sebas\Documents\CloudDrive\Uni\SS24\CaseStudies\gamsFiles\ELTRAMOD_stud.gms
    Label is unknown
*** Error 116 in C:\Users\sebas\Documents\CloudDrive\Uni\SS24\CaseStudies\gamsFiles\ELTRAMOD_stud.gms
    Label is unknown
*** Error 116 in C:\Users\sebas\Documents\CloudDrive\Uni\SS24\CaseStudies\gamsFiles\ELTRAMOD_stud.gms
    Label is unknown
*** Error 116 in C:\Users\sebas\Documents\CloudDrive\Uni\SS24\CaseStudies\gamsFiles\ELTRAMOD_stud.gms
    Label is unknown
*** Error 116 in C:\Users\sebas\Documents\CloudDrive\Uni\SS24\CaseStudies\gamsFiles\ELTRAMOD_stud.gms
    Label is unknown
--- ELTRAMOD_stud.gms(134) 3 Mb 26 Errors
*** Error 116 in C:\Users\sebas\Documents\CloudDrive\Uni\SS24\CaseStudies\gamsFiles\ELTRAMOD_stud.gms
    Label is unknown
*** Error 116 in C:\Users\sebas\Documents\CloudDrive\Uni\SS24\CaseStudies\gamsFiles\ELTRAMOD_stud.gms
    Label is unknown
*** Error 116 in C:\Users\sebas\Documents\CloudDrive\Uni\SS24\CaseStudies\gamsFiles\ELTRAMOD_stud.gms
    Label is unknown
*** Error 116 in C:\Users\sebas\Documents\CloudDrive\Uni\SS24\CaseStudies\gamsFiles\ELTRAMOD_stud.gms
    Label is unknown
--- ELTRAMOD_stud.gms(136) 3 Mb 27 Errors
*** Error 141 in C:\Users\sebas\Documents\CloudDrive\Uni\SS24\CaseStudies\gamsFiles\ELTRAMOD_stud.gms
    Symbol declared but no values have been assigned. Check for missing
       data definition, assignment, data loading or implicit assignment
       via a solve statement. Suppress with $onImplicitAssign.
       A wild shot: You may have spurious commas in the explanatory
       text of a declaration. Check symbol reference list.
--- ELTRAMOD_stud.gms(137) 3 Mb 30 Errors
*** Error 116 in C:\Users\sebas\Documents\CloudDrive\Uni\SS24\CaseStudies\gamsFiles\ELTRAMOD_stud.gms
    Label is unknown
*** Error 116 in C:\Users\sebas\Documents\CloudDrive\Uni\SS24\CaseStudies\gamsFiles\ELTRAMOD_stud.gms
    Label is unknown
*** Error 170 in C:\Users\sebas\Documents\CloudDrive\Uni\SS24\CaseStudies\gamsFiles\ELTRAMOD_stud.gms
    Domain violation for element
--- ELTRAMOD_stud.gms(138) 3 Mb 33 Errors
*** Error 116 in C:\Users\sebas\Documents\CloudDrive\Uni\SS24\CaseStudies\gamsFiles\ELTRAMOD_stud.gms
    Label is unknown
*** Error 116 in C:\Users\sebas\Documents\CloudDrive\Uni\SS24\CaseStudies\gamsFiles\ELTRAMOD_stud.gms
    Label is unknown
*** Error 116 in C:\Users\sebas\Documents\CloudDrive\Uni\SS24\CaseStudies\gamsFiles\ELTRAMOD_stud.gms
    Label is unknown
--- ELTRAMOD_stud.gms(204) 3 Mb 34 Errors
*** Error 257 in C:\Users\sebas\Documents\CloudDrive\Uni\SS24\CaseStudies\gamsFiles\ELTRAMOD_stud.gms
    Solve statement not checked because of previous errors
--- ELTRAMOD_stud.gms(212) 3 Mb 35 Errors
*** Error 141 in C:\Users\sebas\Documents\CloudDrive\Uni\SS24\CaseStudies\gamsFiles\ELTRAMOD_stud.gms
    Symbol declared but no values have been assigned. Check for missing
       data definition, assignment, data loading or implicit assignment
       via a solve statement. Suppress with $onImplicitAssign.
       A wild shot: You may have spurious commas in the explanatory
       text of a declaration. Check symbol reference list.
--- ELTRAMOD_stud.gms(214) 3 Mb 36 Errors
*** Error 141 in C:\Users\sebas\Documents\CloudDrive\Uni\SS24\CaseStudies\gamsFiles\ELTRAMOD_stud.gms
    Symbol declared but no values have been assigned. Check for missing
       data definition, assignment, data loading or implicit assignment
       via a solve statement. Suppress with $onImplicitAssign.
       A wild shot: You may have spurious commas in the explanatory
       text of a declaration. Check symbol reference list.
--- ELTRAMOD_stud.gms(222) 3 Mb 37 Errors
*** Error 141 in C:\Users\sebas\Documents\CloudDrive\Uni\SS24\CaseStudies\gamsFiles\ELTRAMOD_stud.gms
    Symbol declared but no values have been assigned. Check for missing
       data definition, assignment, data loading or implicit assignment
       via a solve statement. Suppress with $onImplicitAssign.
       A wild shot: You may have spurious commas in the explanatory
       text of a declaration. Check symbol reference list.
--- ELTRAMOD_stud.gms(234) 3 Mb 37 Errors
*** Status: Compilation error(s)
--- Job ELTRAMOD_stud.gms Stop 07/11/24 15:25:48 elapsed 0:00:01.161
