
--- Job main.gms Start 07/10/24 16:31:06 46.2.0 ac4adda6 WEX-WEI x86 64bit/MS Windows
--- Applying:
    C:\GAMS\46\gmsprmNT.txt
--- GAMS Parameters defined
    Input C:\Users\sebas\Documents\CloudDrive\Uni\SS24\CaseStudies\gamsFiles\main.gms
    PageSize 0
    ScrDir C:\Users\sebas\Documents\CloudDrive\Uni\SS24\CaseStudies\gamsFiles\225f\
    SysDir C:\GAMS\46\
    LogOption 3
    ErrMsg 1
    ErrorLog 99
    IDE 1
    LstTitleLeftAligned 1
Licensee: Course License                                 S240430|0002AO-GEN
          TU Dresden, Business Management and Economics             DCE3456
          C:\Users\sebas\Documents\GAMS\gamslice.txt
          License Admin: Hannes Hobbie, hannes.hobbie@tu-dresden.de        
          Course license for use within the course and related course work
          The evaluation period of the license will expire on Oct 27, 2024
Processor information: 1 socket(s), 8 core(s), and 16 thread(s) available
GAMS 46.2.0   Copyright (C) 1987-2024 GAMS Development. All rights reserved
--- Starting compilation
--- main.gms(18) 2 Mb
--- . loadFinalData.gms(15) 3 Mb
--- call gdxxrw.exe waterCapacityFactors.xlsx par=WaterCapacitieFactors rng=Sheet1!A1:B7 dim=1 cdim=0 rdim=1 log=log_waterCapFactor.txt
--- . loadFinalData.gms(17) 3 Mb
--- GDXin=C:\Users\sebas\Documents\CloudDrive\Uni\SS24\CaseStudies\gamsFiles\waterCapacityFactors.gdx
--- GDX File ($gdxIn) C:\Users\sebas\Documents\CloudDrive\Uni\SS24\CaseStudies\gamsFiles\waterCapacityFactors.gdx
--- . loadFinalData.gms(23) 3 Mb
--- call csv2gdx storageCapacities_2019_final.csv output=storageCapacity.gdx id=storageCapacity fieldSep=semiColon decimalSep=comma colCount=3 index=1,2 value=3 useHeader=y trace=1
CSV2GDX          46.2.0 ac4adda6 Mar 5, 2024           WEI x86 64bit/MS Window
No errors, CSV2GDX time = 0ms
--- . loadFinalData.gms(24) 3 Mb
--- GDXin=C:\Users\sebas\Documents\CloudDrive\Uni\SS24\CaseStudies\gamsFiles\storageCapacity.gdx
--- GDX File ($gdxIn) C:\Users\sebas\Documents\CloudDrive\Uni\SS24\CaseStudies\gamsFiles\storageCapacity.gdx
--- . loadFinalData.gms(31) 3 Mb
--- call gdxxrw.exe powerDemand_2019.xlsx par=PowerDemand rng=Sheet1!A1:D8761 dim=2 cdim=1 rdim=1 log=log_powerDemand.txt
--- . loadFinalData.gms(33) 3 Mb
--- GDXin=C:\Users\sebas\Documents\CloudDrive\Uni\SS24\CaseStudies\gamsFiles\powerDemand_2019.gdx
--- GDX File ($gdxIn) C:\Users\sebas\Documents\CloudDrive\Uni\SS24\CaseStudies\gamsFiles\powerDemand_2019.gdx
--- . loadFinalData.gms(38) 3 Mb
--- call gdxxrw.exe installedCapacities_2019_01_final.xlsx par=Plants_capacities rng=Sheet1!A1:D15 dim=2 cdim=1 rdim=1 log=log_plantCapacities.txt
--- . loadFinalData.gms(40) 3 Mb
--- GDXin=C:\Users\sebas\Documents\CloudDrive\Uni\SS24\CaseStudies\gamsFiles\installedCapacities_2019_01_final.gdx
--- GDX File ($gdxIn) C:\Users\sebas\Documents\CloudDrive\Uni\SS24\CaseStudies\gamsFiles\installedCapacities_2019_01_final.gdx
--- . loadFinalData.gms(45) 3 Mb
--- call gdxxrw.exe capFactors.xlsx par=CapacityFactor rng=Tabelle1!A1:H8761 dim=2 cdim=1 rdim=1 log=log_capacityFactors.txt
--- . loadFinalData.gms(47) 3 Mb
--- GDXin=C:\Users\sebas\Documents\CloudDrive\Uni\SS24\CaseStudies\gamsFiles\capFactors.gdx
--- GDX File ($gdxIn) C:\Users\sebas\Documents\CloudDrive\Uni\SS24\CaseStudies\gamsFiles\capFactors.gdx
--- . loadFinalData.gms(53) 3 Mb
--- call gdxxrw.exe plant_availabilities_2019.xlsx par=Plants_availability rng=Sheet1!A1:B14 dim=1 cdim=0 rdim=1 log=log_plantAvail.txt
--- . loadFinalData.gms(54) 3 Mb
--- GDXin=C:\Users\sebas\Documents\CloudDrive\Uni\SS24\CaseStudies\gamsFiles\plant_availabilities_2019.gdx
--- GDX File ($gdxIn) C:\Users\sebas\Documents\CloudDrive\Uni\SS24\CaseStudies\gamsFiles\plant_availabilities_2019.gdx
--- . loadFinalData.gms(59) 3 Mb
--- call gdxxrw.exe carbonEmission_2019.xlsx par=Plants_carbonEmissions rng=Sheet1!A1:B15 rdim=1 cdim=0 log=log_carbEm.txt
--- . loadFinalData.gms(61) 3 Mb
--- GDXin=C:\Users\sebas\Documents\CloudDrive\Uni\SS24\CaseStudies\gamsFiles\carbonEmission_2019.gdx
--- GDX File ($gdxIn) C:\Users\sebas\Documents\CloudDrive\Uni\SS24\CaseStudies\gamsFiles\carbonEmission_2019.gdx
--- . loadFinalData.gms(66) 3 Mb
--- call gdxxrw.exe plant_efficiency.xlsx par=carbonEmissionEfficiencyFactor rng=Sheet1!A1:B5 rdim=1 cdim=0 log=log_carbEmEff.txt
--- . loadFinalData.gms(68) 3 Mb
--- GDXin=C:\Users\sebas\Documents\CloudDrive\Uni\SS24\CaseStudies\gamsFiles\plant_efficiency.gdx
--- GDX File ($gdxIn) C:\Users\sebas\Documents\CloudDrive\Uni\SS24\CaseStudies\gamsFiles\plant_efficiency.gdx
--- . loadFinalData.gms(73) 3 Mb
--- call gdxxrw.exe InvestmentCosts.xlsx par=InvestmentCosts rng=Sheet1!A2:B20 rdim=1 cdim=0 log=log_investC.txt
--- . loadFinalData.gms(75) 3 Mb
--- GDXin=C:\Users\sebas\Documents\CloudDrive\Uni\SS24\CaseStudies\gamsFiles\InvestmentCosts.gdx
--- GDX File ($gdxIn) C:\Users\sebas\Documents\CloudDrive\Uni\SS24\CaseStudies\gamsFiles\InvestmentCosts.gdx
--- . loadFinalData.gms(80) 3 Mb
--- call gdxxrw.exe opperational_costs_2019_2.xlsx par=OperatingCosts rng=Sheet1!A2:B17 rdim=1 cdim=0 log=log_opC.txt
--- . loadFinalData.gms(82) 3 Mb
--- GDXin=C:\Users\sebas\Documents\CloudDrive\Uni\SS24\CaseStudies\gamsFiles\opperational_costs_2019_2.gdx
--- GDX File ($gdxIn) C:\Users\sebas\Documents\CloudDrive\Uni\SS24\CaseStudies\gamsFiles\opperational_costs_2019_2.gdx
--- . loadFinalData.gms(98) 3 Mb
--- main.gms(21) 3 Mb
--- . scenarioData.gms(36) 3 Mb
--- main.gms(218) 3 Mb
--- Starting execution: elapsed 0:00:07.384
--- main.gms(300) 4 Mb
--- Generating LP model epmProject
--- main.gms(305) 4 Mb
--- LOOPS scenarioStageOne = s1
---   918 rows  566 columns  2,900 non-zeroes
--- Range statistics (absolute non-zero finite values)
--- RHS       [min, max] : [ 1.667E-01, 6.218E+11] - Zero values observed as well
--- Bound     [min, max] : [        NA,        NA] - Zero values observed as well
--- Matrix    [min, max] : [ 1.769E-03, 4.849E+05]
--- Executing CPLEX (Solvelink=2): elapsed 0:00:07.391

IBM ILOG CPLEX   46.2.0 ac4adda6 Mar 5, 2024           WEI x86 64bit/MS Window

--- GAMS/CPLEX licensed for continuous and discrete problems.
--- GMO setup time: 0.00s
--- Space for names approximately 0.07 Mb
--- Use option 'names no' to turn use of names off
--- GMO memory 0.67 Mb (peak 0.67 Mb)
--- Dictionary memory 0.00 Mb
--- Cplex 22.1.1.0 link memory 0.02 Mb (peak 0.13 Mb)
--- Starting Cplex

Version identifier: 22.1.1.0 | 2022-11-27 | 9160aff4d
CPXPARAM_Advance                                 0
CPXPARAM_MIP_Display                             4
CPXPARAM_MIP_Pool_Capacity                       0
CPXPARAM_MIP_Tolerances_AbsMIPGap                0
Tried aggregator 1 time.
LP Presolve eliminated 159 rows and 73 columns.
Aggregator did 12 substitutions.
Reduced LP has 746 rows, 481 columns, and 2091 nonzeros.
Presolve time = 0.00 sec. (0.96 ticks)
Initializing dual steep norms . . .

Iteration log . . .
Iteration:     1   Dual objective     =             0.000000
Perturbation started.
Iteration:    51   Dual objective     =             0.000000
Iteration:   113   Dual objective     = 50079600110216.851562
Iteration:   175   Dual objective     = 158553962302655.312500
Iteration:   237   Dual objective     = 282178897105869.062500
Iteration:   299   Dual objective     = 492608477689433.500000
Iteration:   361   Dual objective     = 757565555061096.375000
Markowitz threshold set to 0.1
Iteration:   430   Dual objective     = 16725389591075138.000000
Removing perturbation.

--- LP status (1): optimal.
--- Cplex Time: 0.02sec (det. 10.05 ticks)


Optimal solution found
Objective:  16725389584753844.000000

--- Reading solution for model epmProject
--- Executing after solve: elapsed 0:00:07.560
--- main.gms(300) 4 Mb
--- Generating LP model epmProject
--- main.gms(305) 4 Mb
--- LOOPS scenarioStageOne = s2
---   918 rows  566 columns  2,900 non-zeroes
--- Range statistics (absolute non-zero finite values)
--- RHS       [min, max] : [ 1.667E-01, 5.871E+04] - Zero values observed as well
--- Bound     [min, max] : [        NA,        NA] - Zero values observed as well
--- Matrix    [min, max] : [ 1.769E-03, 4.849E+05]
--- Executing CPLEX (Solvelink=2): elapsed 0:00:07.566

IBM ILOG CPLEX   46.2.0 ac4adda6 Mar 5, 2024           WEI x86 64bit/MS Window

--- GAMS/CPLEX licensed for continuous and discrete problems.
--- GMO setup time: 0.00s
--- Space for names approximately 0.07 Mb
--- Use option 'names no' to turn use of names off
--- GMO memory 0.67 Mb (peak 0.67 Mb)
--- Dictionary memory 0.00 Mb
--- Cplex 22.1.1.0 link memory 0.02 Mb (peak 0.13 Mb)
--- Starting Cplex

Version identifier: 22.1.1.0 | 2022-11-27 | 9160aff4d
CPXPARAM_Advance                                 2
CPXPARAM_MIP_Display                             4
CPXPARAM_MIP_Pool_Capacity                       0
CPXPARAM_MIP_Tolerances_AbsMIPGap                0
Tried aggregator 1 time.
LP Presolve eliminated 159 rows and 73 columns.
Aggregator did 12 substitutions.
Reduced LP has 746 rows, 481 columns, and 2091 nonzeros.
Presolve time = 0.01 sec. (0.96 ticks)

Iteration log . . .
Iteration:     1   Dual objective     =   -1116565350.543108
Iteration:    65   Dual objective     =     -50125985.867318
Iteration:   128   Dual objective     =     -18308461.633620
Iteration:   190   Dual objective     =      -7099935.826451
Iteration:   252   Dual objective     =      -6325505.796876
Iteration:   314   Dual objective     =      -2350122.463360
Iteration:   376   Dual objective     =       -321814.897964
Iteration:   438   Dual objective     =       -122656.469509

--- LP status (1): optimal.
--- Cplex Time: 0.01sec (det. 11.95 ticks)


Optimal solution found
Objective:            0.000000

--- Reading solution for model epmProject
--- Executing after solve: elapsed 0:00:07.606
--- main.gms(313) 4 Mb
--- Generating LP model epmProject
--- main.gms(321) 4 Mb
--- LOOPS scenarioStageTwo = s1
---       scenarioStageOne = s1
---   918 rows  566 columns  2,900 non-zeroes
--- Range statistics (absolute non-zero finite values)
--- RHS       [min, max] : [ 1.667E-01, 6.218E+11] - Zero values observed as well
--- Bound     [min, max] : [        NA,        NA] - Zero values observed as well
--- Matrix    [min, max] : [ 1.769E-03, 4.849E+05]
--- Executing CPLEX (Solvelink=2): elapsed 0:00:07.612

IBM ILOG CPLEX   46.2.0 ac4adda6 Mar 5, 2024           WEI x86 64bit/MS Window

--- GAMS/CPLEX licensed for continuous and discrete problems.
--- GMO setup time: 0.00s
--- Space for names approximately 0.07 Mb
--- Use option 'names no' to turn use of names off
--- GMO memory 0.67 Mb (peak 0.67 Mb)
--- Dictionary memory 0.00 Mb
--- Cplex 22.1.1.0 link memory 0.02 Mb (peak 0.13 Mb)
--- Starting Cplex

Version identifier: 22.1.1.0 | 2022-11-27 | 9160aff4d
CPXPARAM_Advance                                 0
CPXPARAM_MIP_Display                             4
CPXPARAM_MIP_Pool_Capacity                       0
CPXPARAM_MIP_Tolerances_AbsMIPGap                0
Tried aggregator 1 time.
LP Presolve eliminated 159 rows and 73 columns.
Aggregator did 12 substitutions.
Reduced LP has 746 rows, 481 columns, and 2091 nonzeros.
Presolve time = 0.00 sec. (0.96 ticks)
Initializing dual steep norms . . .

Iteration log . . .
Iteration:     1   Dual objective     =             0.000000
Perturbation started.
Iteration:    51   Dual objective     =             0.000000
Iteration:   113   Dual objective     = 50079600110216.851562
Iteration:   175   Dual objective     = 158553962302655.312500
Iteration:   237   Dual objective     = 282178897105869.062500
Iteration:   299   Dual objective     = 449727543172618.500000
Iteration:   361   Dual objective     = 618399919003718.750000
Markowitz threshold set to 0.1
Iteration:   407   Dual objective     = 623924315579303.375000
Removing perturbation.

--- LP status (1): optimal.
--- Cplex Time: 0.01sec (det. 8.94 ticks)


Optimal solution found
Objective:  623924310424998.500000

--- Reading solution for model epmProject
--- Executing after solve: elapsed 0:00:07.653
--- main.gms(313) 4 Mb
--- Generating LP model epmProject
--- main.gms(321) 4 Mb
--- LOOPS scenarioStageTwo = s1
---       scenarioStageOne = s2
---   918 rows  566 columns  2,900 non-zeroes
--- Range statistics (absolute non-zero finite values)
--- RHS       [min, max] : [ 1.667E-01, 6.218E+11] - Zero values observed as well
--- Bound     [min, max] : [        NA,        NA] - Zero values observed as well
--- Matrix    [min, max] : [ 1.769E-03, 4.849E+05]
--- Executing CPLEX (Solvelink=2): elapsed 0:00:07.658

IBM ILOG CPLEX   46.2.0 ac4adda6 Mar 5, 2024           WEI x86 64bit/MS Window

--- GAMS/CPLEX licensed for continuous and discrete problems.
--- GMO setup time: 0.00s
--- Space for names approximately 0.07 Mb
--- Use option 'names no' to turn use of names off
--- GMO memory 0.67 Mb (peak 0.67 Mb)
--- Dictionary memory 0.00 Mb
--- Cplex 22.1.1.0 link memory 0.02 Mb (peak 0.13 Mb)
--- Starting Cplex

Version identifier: 22.1.1.0 | 2022-11-27 | 9160aff4d
CPXPARAM_Advance                                 2
CPXPARAM_MIP_Display                             4
CPXPARAM_MIP_Pool_Capacity                       0
CPXPARAM_MIP_Tolerances_AbsMIPGap                0
Tried aggregator 1 time.
LP Presolve eliminated 159 rows and 73 columns.
Aggregator did 12 substitutions.
Reduced LP has 746 rows, 481 columns, and 2091 nonzeros.
Presolve time = 0.00 sec. (0.96 ticks)

Iteration log . . .
Iteration:     1    Scaled infeas =             0.000061
Switched to devex.
Iteration:     6    Objective     = 16725389584753844.000000

--- LP status (1): optimal.
--- Cplex Time: 0.01sec (det. 2.95 ticks)


Optimal solution found
Objective:  16725389584753844.000000

--- Reading solution for model epmProject
--- Executing after solve: elapsed 0:00:07.695
--- main.gms(313) 4 Mb
--- Generating LP model epmProject
--- main.gms(321) 4 Mb
--- LOOPS scenarioStageTwo = s2
---       scenarioStageOne = s1
---   918 rows  566 columns  2,900 non-zeroes
--- Range statistics (absolute non-zero finite values)
--- RHS       [min, max] : [ 1.667E-01, 4.307E+11] - Zero values observed as well
--- Bound     [min, max] : [        NA,        NA] - Zero values observed as well
--- Matrix    [min, max] : [ 1.769E-03, 4.849E+05]
--- Executing CPLEX (Solvelink=2): elapsed 0:00:07.701

IBM ILOG CPLEX   46.2.0 ac4adda6 Mar 5, 2024           WEI x86 64bit/MS Window

--- GAMS/CPLEX licensed for continuous and discrete problems.
--- GMO setup time: 0.00s
--- Space for names approximately 0.07 Mb
--- Use option 'names no' to turn use of names off
--- GMO memory 0.67 Mb (peak 0.67 Mb)
--- Dictionary memory 0.00 Mb
--- Cplex 22.1.1.0 link memory 0.02 Mb (peak 0.13 Mb)
--- Starting Cplex

Version identifier: 22.1.1.0 | 2022-11-27 | 9160aff4d
CPXPARAM_Advance                                 2
CPXPARAM_MIP_Display                             4
CPXPARAM_MIP_Pool_Capacity                       0
CPXPARAM_MIP_Tolerances_AbsMIPGap                0
Tried aggregator 1 time.
LP Presolve eliminated 159 rows and 73 columns.
Aggregator did 12 substitutions.
Reduced LP has 746 rows, 481 columns, and 2091 nonzeros.
Presolve time = 0.00 sec. (0.96 ticks)

Iteration log . . .
Iteration:     1   Dual objective     = -16101466415194084.000000
Iteration:    69   Dual objective     =     -42973736.774617
Iteration:   138   Dual objective     =     -10090101.268216
Iteration:   234   Dual objective     =       2428844.901393
Iteration:   296   Dual objective     =       4222814.512255
Iteration:   365   Dual objective     =       4306825.586026
Removing shift (3).

--- LP status (1): optimal.
--- Cplex Time: 0.02sec (det. 8.42 ticks)


Optimal solution found
Objective:            0.000000

--- Reading solution for model epmProject
--- Executing after solve: elapsed 0:00:07.739
--- main.gms(313) 4 Mb
--- Generating LP model epmProject
--- main.gms(321) 4 Mb
--- LOOPS scenarioStageTwo = s2
---       scenarioStageOne = s2
---   918 rows  566 columns  2,900 non-zeroes
--- Range statistics (absolute non-zero finite values)
--- RHS       [min, max] : [ 1.667E-01, 5.871E+04] - Zero values observed as well
--- Bound     [min, max] : [        NA,        NA] - Zero values observed as well
--- Matrix    [min, max] : [ 1.769E-03, 4.849E+05]
--- Executing CPLEX (Solvelink=2): elapsed 0:00:07.744

IBM ILOG CPLEX   46.2.0 ac4adda6 Mar 5, 2024           WEI x86 64bit/MS Window

--- GAMS/CPLEX licensed for continuous and discrete problems.
--- GMO setup time: 0.00s
--- Space for names approximately 0.07 Mb
--- Use option 'names no' to turn use of names off
--- GMO memory 0.67 Mb (peak 0.67 Mb)
--- Dictionary memory 0.00 Mb
--- Cplex 22.1.1.0 link memory 0.02 Mb (peak 0.13 Mb)
--- Starting Cplex

Version identifier: 22.1.1.0 | 2022-11-27 | 9160aff4d
CPXPARAM_Advance                                 0
CPXPARAM_MIP_Display                             4
CPXPARAM_MIP_Pool_Capacity                       0
CPXPARAM_MIP_Tolerances_AbsMIPGap                0
Tried aggregator 1 time.
LP Presolve eliminated 159 rows and 73 columns.
Aggregator did 12 substitutions.
Reduced LP has 746 rows, 481 columns, and 2091 nonzeros.
Presolve time = 0.00 sec. (0.96 ticks)
Initializing dual steep norms . . .

Iteration log . . .
Iteration:     1   Dual objective     =             0.000000

--- LP status (1): optimal.
--- Cplex Time: 0.00sec (det. 1.79 ticks)


Optimal solution found
Objective:            0.000000

--- Reading solution for model epmProject
--- Executing after solve: elapsed 0:00:07.779
--- main.gms(331) 4 Mb
--- GDX File (execute_unload) C:\Users\sebas\Documents\CloudDrive\Uni\SS24\CaseStudies\gamsFiles\energyEQ.gdx
--- main.gms(332) 4 Mb

GDXXRW           46.2.0 ac4adda6 Mar 5, 2024           WEI x86 64bit/MS Window
Input file : C:\Users\sebas\Documents\CloudDrive\Uni\SS24\CaseStudies\gamsFiles\energyEQ.gdx
Output file: C:\Users\sebas\Documents\CloudDrive\Uni\SS24\CaseStudies\gamsFiles\energyEQ.xlsx
**** Keyword does not match symbol type, Symbol: energy_balance

Any changes made to the spreadsheet were not saved
Total time = 641 Ms
--- main.gms(334) 4 Mb
--- GDX File (execute_unload) C:\Users\sebas\Documents\CloudDrive\Uni\SS24\CaseStudies\gamsFiles\powerGeneration.gdx
--- main.gms(335) 4 Mb

GDXXRW           46.2.0 ac4adda6 Mar 5, 2024           WEI x86 64bit/MS Window
Input file : C:\Users\sebas\Documents\CloudDrive\Uni\SS24\CaseStudies\gamsFiles\powerGeneration.gdx
Output file: C:\Users\sebas\Documents\CloudDrive\Uni\SS24\CaseStudies\gamsFiles\powerGeneration.xls
Total time = 922 Ms
--- main.gms(337) 4 Mb
--- GDX File (execute_unload) C:\Users\sebas\Documents\CloudDrive\Uni\SS24\CaseStudies\gamsFiles\storageCapacity.gdx
--- main.gms(338) 4 Mb

GDXXRW           46.2.0 ac4adda6 Mar 5, 2024           WEI x86 64bit/MS Window
Input file : C:\Users\sebas\Documents\CloudDrive\Uni\SS24\CaseStudies\gamsFiles\storageCapacity.gdx
Output file: C:\Users\sebas\Documents\CloudDrive\Uni\SS24\CaseStudies\gamsFiles\storageCapacity.xls
**** Keyword does not match symbol type, Symbol: storageCapacity

Any changes made to the spreadsheet were not saved
Total time = 719 Ms
--- main.gms(340) 4 Mb
--- GDX File (execute_unload) C:\Users\sebas\Documents\CloudDrive\Uni\SS24\CaseStudies\gamsFiles\storageLoading.gdx
--- main.gms(341) 4 Mb

GDXXRW           46.2.0 ac4adda6 Mar 5, 2024           WEI x86 64bit/MS Window
Input file : C:\Users\sebas\Documents\CloudDrive\Uni\SS24\CaseStudies\gamsFiles\storageLoading.gdx
Output file: C:\Users\sebas\Documents\CloudDrive\Uni\SS24\CaseStudies\gamsFiles\storageLoading.xls
Total time = 953 Ms
--- main.gms(343) 4 Mb
--- GDX File (execute_unload) C:\Users\sebas\Documents\CloudDrive\Uni\SS24\CaseStudies\gamsFiles\import.gdx
--- main.gms(344) 4 Mb

GDXXRW           46.2.0 ac4adda6 Mar 5, 2024           WEI x86 64bit/MS Window
Input file : C:\Users\sebas\Documents\CloudDrive\Uni\SS24\CaseStudies\gamsFiles\import.gdx
Output file: C:\Users\sebas\Documents\CloudDrive\Uni\SS24\CaseStudies\gamsFiles\import.xls
Total time = 906 Ms
--- main.gms(346) 4 Mb
--- GDX File (execute_unload) C:\Users\sebas\Documents\CloudDrive\Uni\SS24\CaseStudies\gamsFiles\export.gdx
--- main.gms(347) 4 Mb

GDXXRW           46.2.0 ac4adda6 Mar 5, 2024           WEI x86 64bit/MS Window
Input file : C:\Users\sebas\Documents\CloudDrive\Uni\SS24\CaseStudies\gamsFiles\export.gdx
Output file: C:\Users\sebas\Documents\CloudDrive\Uni\SS24\CaseStudies\gamsFiles\export.xls
Total time = 890 Ms
*** Status: Normal completion
--- Job main.gms Stop 07/10/24 16:31:19 elapsed 0:00:13.167
