
--- Job main.gms Start 09/11/24 09:02:25 46.2.0 ac4adda6 WEX-WEI x86 64bit/MS Windows
--- Applying:
    C:\GAMS\46\gmsprmNT.txt
--- GAMS Parameters defined
    Input C:\Users\sebas\Documents\CloudDrive\Uni\SS24\CaseStudies\gamsFiles\main.gms
    PageSize 0
    ScrDir C:\Users\sebas\Documents\CloudDrive\Uni\SS24\CaseStudies\gamsFiles\225r\
    SysDir C:\GAMS\46\
    LogOption 3
    ErrMsg 1
    ErrorLog 99
    IDE 1
    LstTitleLeftAligned 1
Licensee: Course License                                 S240430|0002AO-GEN
          TU Dresden, Business Management and Economics             DCE3456
          C:\Users\sebas\Documents\GAMS\gamslice.txt
          License Admin: Hannes Hobbie, hannes.hobbie@tu-dresden.de        
          Course license for use within the course and related course work
          The evaluation period of the license will expire on Oct 27, 2024
Processor information: 1 socket(s), 8 core(s), and 16 thread(s) available
GAMS 46.2.0   Copyright (C) 1987-2024 GAMS Development. All rights reserved
--- Starting compilation
--- main.gms(16) 2 Mb
--- . loadFinalData.gms(21) 3 Mb
--- call gdxxrw.exe powerDemand.xlsx par=PowerDemand rng=gams!A5:C8765 dim=2 cdim=1 rdim=1 log=log_powerDemand.txt
--- . loadFinalData.gms(23) 3 Mb
--- GDXin=C:\Users\sebas\Documents\CloudDrive\Uni\SS24\CaseStudies\gamsFiles\powerDemand.gdx
--- GDX File ($gdxIn) C:\Users\sebas\Documents\CloudDrive\Uni\SS24\CaseStudies\gamsFiles\powerDemand.gdx
--- . loadFinalData.gms(35) 4 Mb
--- call csv2gdx storageCapacities_2019_final.csv output=storageCapacity.gdx id=storageCapacity fieldSep=semiColon decimalSep=comma colCount=2 index=1 value=2 useHeader=y trace=1
CSV2GDX          46.2.0 ac4adda6 Mar 5, 2024           WEI x86 64bit/MS Window
No errors, CSV2GDX time = 0ms
--- . loadFinalData.gms(36) 4 Mb
--- GDXin=C:\Users\sebas\Documents\CloudDrive\Uni\SS24\CaseStudies\gamsFiles\storageCapacity.gdx
--- GDX File ($gdxIn) C:\Users\sebas\Documents\CloudDrive\Uni\SS24\CaseStudies\gamsFiles\storageCapacity.gdx
--- . loadFinalData.gms(45) 4 Mb
--- call gdxxrw.exe installedCapacities_2019_01_final.xlsx par=Plants_capacities rng=Sheet1!A1:B15 dim=1 cdim=0 rdim=1 log=log_plantCapacities.txt
--- . loadFinalData.gms(47) 4 Mb
--- GDXin=C:\Users\sebas\Documents\CloudDrive\Uni\SS24\CaseStudies\gamsFiles\installedCapacities_2019_01_final.gdx
--- GDX File ($gdxIn) C:\Users\sebas\Documents\CloudDrive\Uni\SS24\CaseStudies\gamsFiles\installedCapacities_2019_01_final.gdx
--- . loadFinalData.gms(52) 4 Mb
--- call gdxxrw.exe capFactors.xlsx par=CapacityFactor rng=Tabelle1!A1:H8761 dim=2 cdim=1 rdim=1 log=log_capacityFactors.txt
--- . loadFinalData.gms(54) 4 Mb
--- GDXin=C:\Users\sebas\Documents\CloudDrive\Uni\SS24\CaseStudies\gamsFiles\capFactors.gdx
--- GDX File ($gdxIn) C:\Users\sebas\Documents\CloudDrive\Uni\SS24\CaseStudies\gamsFiles\capFactors.gdx
--- . loadFinalData.gms(60) 7 Mb
--- call gdxxrw.exe plant_availabilities_2019.xlsx par=Plants_availability rng=Sheet1!A1:B14 dim=1 cdim=0 rdim=1 log=log_plantAvail.txt
--- . loadFinalData.gms(61) 7 Mb
--- GDXin=C:\Users\sebas\Documents\CloudDrive\Uni\SS24\CaseStudies\gamsFiles\plant_availabilities_2019.gdx
--- GDX File ($gdxIn) C:\Users\sebas\Documents\CloudDrive\Uni\SS24\CaseStudies\gamsFiles\plant_availabilities_2019.gdx
--- . loadFinalData.gms(66) 7 Mb
--- call gdxxrw.exe carbonEmission_2019.xlsx par=Plants_carbonEmissions rng=Sheet1!A2:B15 rdim=1 cdim=0 log=log_carbEm.txt
--- . loadFinalData.gms(68) 7 Mb
--- GDXin=C:\Users\sebas\Documents\CloudDrive\Uni\SS24\CaseStudies\gamsFiles\carbonEmission_2019.gdx
--- GDX File ($gdxIn) C:\Users\sebas\Documents\CloudDrive\Uni\SS24\CaseStudies\gamsFiles\carbonEmission_2019.gdx
--- . loadFinalData.gms(73) 7 Mb
--- call gdxxrw.exe plant_efficiency.xlsx par=carbonEmissionEfficiencyFactor rng=Sheet1!A2:B5 rdim=1 cdim=0 log=log_carbEmEff.txt
--- . loadFinalData.gms(75) 7 Mb
--- GDXin=C:\Users\sebas\Documents\CloudDrive\Uni\SS24\CaseStudies\gamsFiles\plant_efficiency.gdx
--- GDX File ($gdxIn) C:\Users\sebas\Documents\CloudDrive\Uni\SS24\CaseStudies\gamsFiles\plant_efficiency.gdx
--- . loadFinalData.gms(80) 7 Mb
--- call gdxxrw.exe InvestmentCosts.xlsx par=InvestmentCosts rng=Sheet1!A2:B20 rdim=1 cdim=0 log=log_investC.txt
--- . loadFinalData.gms(82) 7 Mb
--- GDXin=C:\Users\sebas\Documents\CloudDrive\Uni\SS24\CaseStudies\gamsFiles\InvestmentCosts.gdx
--- GDX File ($gdxIn) C:\Users\sebas\Documents\CloudDrive\Uni\SS24\CaseStudies\gamsFiles\InvestmentCosts.gdx
--- . loadFinalData.gms(87) 7 Mb
--- call gdxxrw.exe opperational_costs_2019_2.xlsx par=OperatingCosts rng=Sheet1!A2:B17 rdim=1 cdim=0 log=log_opC.txt
--- . loadFinalData.gms(89) 7 Mb
--- GDXin=C:\Users\sebas\Documents\CloudDrive\Uni\SS24\CaseStudies\gamsFiles\opperational_costs_2019_2.gdx
--- GDX File ($gdxIn) C:\Users\sebas\Documents\CloudDrive\Uni\SS24\CaseStudies\gamsFiles\opperational_costs_2019_2.gdx
--- . loadFinalData.gms(99) 7 Mb
--- main.gms(19) 7 Mb
--- . scenarioData.gms(31) 7 Mb
--- main.gms(230) 7 Mb
--- Starting execution: elapsed 0:00:09.991
--- main.gms(145) 7 Mb
--- Generating LP model epmProject
--- main.gms(291) 172 Mb  5 secs
--- main.gms(299) 177 Mb
---   648,347 rows  332,950 columns  2,024,952 non-zeroes
--- Range statistics (absolute non-zero finite values)
--- RHS       [min, max] : [ 8.475E-03, 1.010E+05] - Zero values observed as well
--- Bound     [min, max] : [        NA,        NA] - Zero values observed as well
--- Matrix    [min, max] : [ 1.982E-05, 4.849E+05]
--- Executing CPLEX (Solvelink=2): elapsed 0:00:19.142

IBM ILOG CPLEX   46.2.0 ac4adda6 Mar 5, 2024           WEI x86 64bit/MS Window

--- GAMS/CPLEX licensed for continuous and discrete problems.
--- GMO setup time: 0.00s
--- Space for names approximately 49.20 Mb
--- Use option 'names no' to turn use of names off
--- GMO memory 204.10 Mb (peak 206.64 Mb)
--- Dictionary memory 0.00 Mb
--- Cplex 22.1.1.0 link memory 13.77 Mb (peak 91.70 Mb)
--- Starting Cplex

Version identifier: 22.1.1.0 | 2022-11-27 | 9160aff4d
CPXPARAM_Advance                                 0
CPXPARAM_MIP_Display                             4
CPXPARAM_MIP_Pool_Capacity                       0
CPXPARAM_MIP_Tolerances_AbsMIPGap                0
Parallel mode: deterministic, using up to 16 threads for concurrent optimization:
 * Starting dual Simplex on 1 thread...
 * Starting Barrier on 14 threads...
 * Starting primal Simplex on 1 thread...
Tried aggregator 1 time.
LP Presolve eliminated 67851 rows and 25164 columns.
Aggregator did 22 substitutions.
Reduced LP has 580473 rows, 307764 columns, and 1776426 nonzeros.
Presolve time = 1.81 sec. (708.74 ticks)
Initializing dual steep norms . . .
Elapsed time = 17.56 sec. (20370.25 ticks, 1 iterations)

Iteration log . . .
Iteration:     1   Dual objective     =             0.000000
Perturbation started.
Iteration:   101   Dual objective     =             0.000000
Iteration:   797   Dual objective     =            14.435356
Iteration:  1340   Dual objective     =            34.753220
Iteration:  1931   Dual objective     =            50.877969
Iteration:  2672   Dual objective     =            64.057501
Iteration:  3339   Dual objective     =            76.649645
Iteration:  4244   Dual objective     =            90.059624
Iteration:  5161   Dual objective     =           101.283767
Iteration:  6311   Dual objective     =           116.776531
Iteration:  7464   Dual objective     =           132.930383
Iteration:  8699   Dual objective     =           150.147619
Elapsed time = 36.41 sec. (30370.56 ticks, 9794 iterations)
Iteration:  9982   Dual objective     =           169.575479
Iteration: 11343   Dual objective     =           190.485803
Iteration: 11522   Dual objective     =           193.681654
Iteration: 12938   Dual objective     =           216.859560
Iteration: 13120   Dual objective     =           219.692315
Iteration: 14636   Dual objective     =           246.978985
Iteration: 14801   Dual objective     =           249.783983
Iteration: 16361   Dual objective     =           276.590017
Iteration: 16533   Dual objective     =           279.832751
Iteration: 18110   Dual objective     =           307.714324
Iteration: 18285   Dual objective     =           311.020217
Iteration: 19891   Dual objective     =           339.129522
Iteration: 20065   Dual objective     =           342.396499
Iteration: 21745   Dual objective     =           372.615781
Iteration: 21915   Dual objective     =           375.721187
Iteration: 23589   Dual objective     =           404.612829
Iteration: 23770   Dual objective     =           407.984904
Elapsed time = 51.61 sec. (40370.92 ticks, 24670 iterations)
Iteration: 25424   Dual objective     =           438.038433
Iteration: 25601   Dual objective     =           441.693422
Iteration: 27342   Dual objective     =           473.521040
Iteration: 27523   Dual objective     =           476.990046
Iteration: 29289   Dual objective     =       4476399.341697
Iteration: 29467   Dual objective     =       4476402.763893
Iteration: 31185   Dual objective     =      11237134.059241
Iteration: 31356   Dual objective     =      11237138.014051
Iteration: 33107   Dual objective     =      31000673.052912
Iteration: 33287   Dual objective     =      31000677.184389
Iteration: 35068   Dual objective     =      31000737.184893
Iteration: 35360   Dual objective     =      36837502.034965
Iteration: 36883   Dual objective     =      47933800.198982
Iteration: 37079   Dual objective     =      47933805.853935
Elapsed time = 63.23 sec. (50371.17 ticks, 38337 iterations)
Iteration: 38854   Dual objective     =      67770990.920524
Iteration: 39054   Dual objective     =      67770996.090552
Iteration: 40755   Dual objective     =     107640746.553862
Iteration: 41105   Dual objective     =     114152985.967035
Iteration: 42803   Dual objective     =     138961753.137551
Iteration: 43204   Dual objective     =     138961836.516664
Iteration: 44594   Dual objective     =     199504283.230939
Iteration: 44796   Dual objective     =     246644619.957522
Iteration: 46438   Dual objective     =     297722004.967744
Iteration: 46856   Dual objective     =     356383274.326727
Iteration: 48484   Dual objective     =     373770556.798527
Iteration: 48877   Dual objective     =     435233134.041682
Iteration: 50657   Dual objective     =     477248265.557252
Iteration: 51031   Dual objective     =     482177014.842218
Elapsed time = 74.36 sec. (60371.49 ticks, 52164 iterations)
Iteration: 52732   Dual objective     =     566979246.947956
Iteration: 53122   Dual objective     =     576570702.258024
Iteration: 54346   Dual objective     =     642115048.018985
Iteration: 55204   Dual objective     =     758447452.551461
Iteration: 56724   Dual objective     =     822609487.500369
Iteration: 57159   Dual objective     =     846131358.865509
Iteration: 58248   Dual objective     =     951829770.893116
Iteration: 59652   Dual objective     =    1026548291.685845
Iteration: 60328   Dual objective     =    1088814243.189148
Iteration: 60835   Dual objective     =    1183018293.587650
Iteration: 62389   Dual objective     =    1205561051.187393
Iteration: 62883   Dual objective     =    1247168155.945636
Iteration: 64383   Dual objective     =    1485657160.376467
Iteration: 64899   Dual objective     =    1526265814.096910
Iteration: 66432   Dual objective     =    1761261562.206213
Iteration: 67014   Dual objective     =    1804948472.095076
Iteration: 68443   Dual objective     =    2016753145.746738
Elapsed time = 87.48 sec. (70371.52 ticks, 68837 iterations)
Iteration: 69059   Dual objective     =    2073198451.422486
Iteration: 69660   Dual objective     =    2111541869.810962
Iteration: 71076   Dual objective     =    2459142679.113250
Iteration: 71581   Dual objective     =    2520575012.024325
Iteration: 72753   Dual objective     =    2561494459.513231
Iteration: 73322   Dual objective     =    2612607376.821228
Iteration: 74734   Dual objective     =    2798810568.024802
Iteration: 75370   Dual objective     =    2886806986.093832
Iteration: 76844   Dual objective     =    2957159767.439825
Iteration: 77453   Dual objective     =    2982921313.317468
Iteration: 78136   Dual objective     =    3017726340.208555
Iteration: 78796   Dual objective     =    3083327950.722901
Iteration: 79504   Dual objective     =    3125182973.730810
Iteration: 80170   Dual objective     =    3213651845.174562
Iteration: 81737   Dual objective     =    3292252461.435019
Iteration: 82509   Dual objective     =    3447414509.982176
Iteration: 83238   Dual objective     =    3497621137.088231
Iteration: 84039   Dual objective     =    3589645536.681429
Iteration: 84870   Dual objective     =    3740864152.623426
Iteration: 85512   Dual objective     =    3836860142.441262
Iteration: 86242   Dual objective     =    3960995533.719230
Iteration: 87352   Dual objective     =    4084695463.473747
Iteration: 88299   Dual objective     =    4265793156.862815
Iteration: 88880   Dual objective     =    4379294183.389754
Iteration: 91066   Dual objective     =    4379294369.492882
Iteration: 92769   Dual objective     =    4409611156.895054
Iteration: 94346   Dual objective     =    4453372945.306803
Iteration: 94965   Dual objective     =    4453373063.758248
Elapsed time = 108.14 sec. (80373.94 ticks, 95127 iterations)
Iteration: 95514   Dual objective     =    4453373141.158795
Iteration: 96080   Dual objective     =    4453373228.940820
Iteration: 96647   Dual objective     =    4453373307.079521
Iteration: 97050   Dual objective     =    4453373376.507793
Elapsed time = 131.84 sec. (90378.15 ticks, 97277 iterations)
Iteration: 97446   Dual objective     =    4453373413.372027
Iteration: 97805   Dual objective     =    4457910912.334681
Iteration: 98265   Dual objective     =    4463909041.026142
Elapsed time = 164.25 sec. (100381.94 ticks, 98435 iterations)
Iteration: 98772   Dual objective     =    4463909114.569633
Removing perturbation.

Barrier solved model.


--- LP status (1): optimal.
--- Cplex Time: 177.84sec (det. 65876.44 ticks)


Optimal solution found
Objective:  13257291366.213444

--- Reading solution for model epmProject
--- main.gms(299) 177 Mb  180 secs
--- Executing after solve: elapsed 0:03:21.452
--- main.gms(300) 177 Mb
--- Generating LP model epmProject
--- main.gms(303) 251 Mb
---   648,347 rows  332,950 columns  2,024,952 non-zeroes
--- Range statistics (absolute non-zero finite values)
--- RHS       [min, max] : [ 8.475E-03, 1.010E+05] - Zero values observed as well
--- Bound     [min, max] : [        NA,        NA] - Zero values observed as well
--- Matrix    [min, max] : [ 1.982E-05, 4.849E+05]
--- Executing CPLEX (Solvelink=2): elapsed 0:03:29.474

IBM ILOG CPLEX   46.2.0 ac4adda6 Mar 5, 2024           WEI x86 64bit/MS Window

--- GAMS/CPLEX licensed for continuous and discrete problems.
--- GMO setup time: 0.00s
--- Space for names approximately 49.20 Mb
--- Use option 'names no' to turn use of names off
--- GMO memory 204.10 Mb (peak 206.64 Mb)
--- Dictionary memory 0.00 Mb
--- Cplex 22.1.1.0 link memory 13.77 Mb (peak 91.70 Mb)
--- Starting Cplex

Version identifier: 22.1.1.0 | 2022-11-27 | 9160aff4d
CPXPARAM_Advance                                 2
CPXPARAM_MIP_Display                             4
CPXPARAM_MIP_Pool_Capacity                       0
CPXPARAM_MIP_Tolerances_AbsMIPGap                0
Parallel mode: deterministic, using up to 16 threads for concurrent optimization:
 * Starting dual Simplex on 1 thread...
 * Starting Barrier on 14 threads...
 * Starting primal Simplex on 1 thread...
Tried aggregator 1 time.
LP Presolve eliminated 67851 rows and 25164 columns.
Aggregator did 22 substitutions.
Reduced LP has 580473 rows, 307764 columns, and 1776426 nonzeros.
Presolve time = 1.75 sec. (708.12 ticks)

Iteration log . . .
Iteration:     1   Dual objective     =    5569080014.781092
Perturbation started.
Iteration:   202   Dual objective     =    5575517196.327381
Elapsed time = 9.80 sec. (10009.79 ticks, 510 iterations)
Iteration:   653   Dual objective     =    5575517218.305983
Iteration:  1104   Dual objective     =    5575517233.871197
Elapsed time = 22.12 sec. (20019.42 ticks, 1484 iterations)
Iteration:  1618   Dual objective     =    5575517244.523879
